[debug] [2022-04-12T17:38:08.525Z] ----------------------------------------------------------------------
[debug] [2022-04-12T17:38:08.526Z] Command:       C:\Program Files\nodejs\node.exe C:\Users\Tagho\AppData\Roaming\npm\node_modules\firebase-tools\lib\bin\firebase.js init
[debug] [2022-04-12T17:38:08.527Z] CLI Version:   10.1.0
[debug] [2022-04-12T17:38:08.527Z] Platform:      win32
[debug] [2022-04-12T17:38:08.527Z] Node Version:  v16.13.1
[debug] [2022-04-12T17:38:08.528Z] Time:          Tue Apr 12 2022 13:38:08 GMT-0400 (Eastern Daylight Time)
[debug] [2022-04-12T17:38:08.528Z] ----------------------------------------------------------------------
[debug] 
[debug] [2022-04-12T17:38:08.530Z] >>> [apiv2][query] GET https://firebase-public.firebaseio.com/cli.json [none]
[debug] [2022-04-12T17:38:08.546Z] > command requires scopes: ["email","openid","https://www.googleapis.com/auth/cloudplatformprojects.readonly","https://www.googleapis.com/auth/firebase","https://www.googleapis.com/auth/cloud-platform"]
[debug] [2022-04-12T17:38:08.547Z] > authorizing via signed-in user (tag.howard1080@gmail.com)
[info] 
     ######## #### ########  ######## ########     ###     ######  ########
     ##        ##  ##     ## ##       ##     ##  ##   ##  ##       ##
     ######    ##  ########  ######   ########  #########  ######  ######
     ##        ##  ##    ##  ##       ##     ## ##     ##       ## ##
     ##       #### ##     ## ######## ########  ##     ##  ######  ########

You're about to initialize a Firebase project in this directory:

  C:\Users\Tagho\Source\danceblue-react-app-admin-site

[debug] [2022-04-12T17:38:08.650Z] <<< [apiv2][status] GET https://firebase-public.firebaseio.com/cli.json 200
[debug] [2022-04-12T17:38:08.651Z] <<< [apiv2][body] GET https://firebase-public.firebaseio.com/cli.json {"cloudBuildErrorAfter":1594252800000,"cloudBuildWarnAfter":1590019200000,"defaultNode10After":1594252800000,"minVersion":"3.0.5","node8DeploysDisabledAfter":1613390400000,"node8RuntimeDisabledAfter":1615809600000,"node8WarnAfter":1600128000000}
[info] 
=== Project Setup
[info] 
[info] First, let's associate this project directory with a Firebase project.
[info] You can create multiple project aliases by running firebase use --add, 
[info] but for now we'll just set up a default project.
[info] 
[debug] [2022-04-12T17:40:26.874Z] > refreshing access token with scopes: []
[debug] [2022-04-12T17:40:26.874Z] >>> HTTP REQUEST POST https://www.googleapis.com/oauth2/v3/token  
 <request body omitted>
[debug] [2022-04-12T17:40:26.957Z] <<< HTTP RESPONSE 200 {"date":"Tue, 12 Apr 2022 17:40:34 GMT","pragma":"no-cache","expires":"Mon, 01 Jan 1990 00:00:00 GMT","cache-control":"no-cache, no-store, max-age=0, must-revalidate","content-type":"application/json; charset=utf-8","vary":"X-Origin, Referer, Origin,Accept-Encoding","server":"scaffolding on HTTPServer2","x-xss-protection":"0","x-frame-options":"SAMEORIGIN","x-content-type-options":"nosniff","alt-svc":"h3=\":443\"; ma=2592000,h3-29=\":443\"; ma=2592000,h3-Q050=\":443\"; ma=2592000,h3-Q046=\":443\"; ma=2592000,h3-Q043=\":443\"; ma=2592000,quic=\":443\"; ma=2592000; v=\"46,43\"","accept-ranges":"none","transfer-encoding":"chunked"}
[debug] [2022-04-12T17:40:26.961Z] >>> [apiv2][query] GET https://firebase.googleapis.com/v1beta1/projects pageSize=100
[debug] [2022-04-12T17:40:27.173Z] <<< [apiv2][status] GET https://firebase.googleapis.com/v1beta1/projects 200
[debug] [2022-04-12T17:40:27.173Z] <<< [apiv2][body] GET https://firebase.googleapis.com/v1beta1/projects [omitted]
[info] i  Using project react-danceblue (react-DanceBlue) 
[info] 
=== Hosting Setup
[info] 
[info] Your public directory is the folder (relative to your project directory) that
[info] will contain Hosting assets to be uploaded with firebase deploy. If you
[info] have a build process for your assets, use your build's output directory.
[info] 
[debug] [2022-04-12T17:40:43.139Z] >>> [apiv2][query] GET https://www.gstatic.com/firebasejs/releases.json [none]
[debug] [2022-04-12T17:40:43.186Z] <<< [apiv2][status] GET https://www.gstatic.com/firebasejs/releases.json 200
[debug] [2022-04-12T17:40:43.186Z] <<< [apiv2][body] GET https://www.gstatic.com/firebasejs/releases.json {"current":{"version":"9.6.10","browserURL":"https://www.gstatic.com/firebasejs/9.6.10/firebase.js","packageURL":"https://www.gstatic.com/firebasejs/9.6.10/firebase.tgz"},"live":{"version":"9.6","browserURL":"https://www.gstatic.com/firebasejs/live/9.6/firebase.js","packageURL":"https://www.gstatic.com/firebasejs/live/9.6/firebase.tgz"},"components":{"analytics":"https://www.gstatic.com/firebasejs/9.6.10/firebase-analytics.js","app":"https://www.gstatic.com/firebasejs/9.6.10/firebase-app.js","app-check":"https://www.gstatic.com/firebasejs/9.6.10/firebase-app-check.js","auth":"https://www.gstatic.com/firebasejs/9.6.10/firebase-auth.js","auth/cordova":"https://www.gstatic.com/firebasejs/9.6.10/firebase-auth/cordova.js","auth/react-native":"https://www.gstatic.com/firebasejs/9.6.10/firebase-auth/react-native.js","functions":"https://www.gstatic.com/firebasejs/9.6.10/firebase-functions.js","firestore":"https://www.gstatic.com/firebasejs/9.6.10/firebase-firestore.js","firestore/lite":"https://www.gstatic.com/firebasejs/9.6.10/firebase-firestore/lite.js","storage":"https://www.gstatic.com/firebasejs/9.6.10/firebase-storage.js","performance":"https://www.gstatic.com/firebasejs/9.6.10/firebase-performance.js","remote-config":"https://www.gstatic.com/firebasejs/9.6.10/firebase-remote-config.js","messaging":"https://www.gstatic.com/firebasejs/9.6.10/firebase-messaging.js","messaging/sw":"https://www.gstatic.com/firebasejs/9.6.10/firebase-messaging/sw.js","database":"https://www.gstatic.com/firebasejs/9.6.10/firebase-database.js","firestore.memory":"https://www.gstatic.com/firebasejs/9.6.10/firebase-firestore.memory.js"}}
[info] i  Skipping write of public/index.html 
[info] 
[info] i  Didn't detect a .git folder. Assuming C:\Users\Tagho\Source\danceblue-react-app-admin-site is the project root. 
[info] i  Authorizing with GitHub to upload your service account to a GitHub repository's secrets store. 
[info] 
[info] Visit this URL on this device to log in:
[info] https://github.com/login/oauth/authorize?client_id=89cf50f02ac6aaed3484&state=40066297&redirect_uri=http%3A%2F%2Flocalhost%3A9005&scope=read%3Auser%20repo%20public_repo
[info] 
[info] Waiting for authentication...
[debug] [2022-04-12T17:40:49.995Z] >>> HTTP REQUEST POST https://github.com/login/oauth/access_token  
 {"client_id":"89cf50f02ac6aaed3484","client_secret":"3330d14abc895d9a74d5f17cd7a00711fa2c5bf0","code":"25a77a8dbf67a6fb9fde","redirect_uri":"http://localhost:9005","state":"40066297"}
[debug] [2022-04-12T17:40:50.166Z] <<< HTTP RESPONSE 200 {"server":"GitHub.com","date":"Tue, 12 Apr 2022 17:40:57 GMT","content-type":"application/json; charset=utf-8","transfer-encoding":"chunked","vary":"X-PJAX, X-PJAX-Container, Accept-Encoding, Accept, X-Requested-With","permissions-policy":"interest-cohort=()","etag":"W/\"14e602792bf887a3299347bc2fea2143\"","cache-control":"max-age=0, private, must-revalidate","strict-transport-security":"max-age=31536000; includeSubdomains; preload","x-frame-options":"deny","x-content-type-options":"nosniff","x-xss-protection":"0","referrer-policy":"origin-when-cross-origin, strict-origin-when-cross-origin","expect-ct":"max-age=2592000, report-uri=\"https://api.github.com/_private/browser/errors\"","content-security-policy":"default-src 'none'; base-uri 'self'; block-all-mixed-content; child-src github.com/assets-cdn/worker/ gist.github.com/assets-cdn/worker/; connect-src 'self' uploads.github.com objects-origin.githubusercontent.com www.githubstatus.com collector.github.com raw.githubusercontent.com api.github.com github-cloud.s3.amazonaws.com github-production-repository-file-5c1aeb.s3.amazonaws.com github-production-upload-manifest-file-7fdce7.s3.amazonaws.com github-production-user-asset-6210df.s3.amazonaws.com cdn.optimizely.com logx.optimizely.com/v1/events translator.github.com *.actions.githubusercontent.com wss://*.actions.githubusercontent.com online.visualstudio.com/api/v1/locations github-production-repository-image-32fea6.s3.amazonaws.com github-production-release-asset-2e65be.s3.amazonaws.com insights.github.com wss://alive.github.com; font-src github.githubassets.com; form-action 'self' github.com gist.github.com objects-origin.githubusercontent.com; frame-ancestors 'none'; frame-src render.githubusercontent.com viewscreen.githubusercontent.com notebooks.githubusercontent.com; img-src 'self' data: github.githubassets.com identicons.github.com github-cloud.s3.amazonaws.com secured-user-images.githubusercontent.com/ *.githubusercontent.com; manifest-src 'self'; media-src github.com user-images.githubusercontent.com/; script-src github.githubassets.com; style-src 'unsafe-inline' github.githubassets.com; worker-src github.com/assets-cdn/worker/ gist.github.com/assets-cdn/worker/","x-github-request-id":"3ECC:0B14:3D0B32:79461E:6255B9A9"}
[debug] [2022-04-12T17:40:50.168Z] >>> [apiv2][query] GET https://api.github.com/user [none]
[debug] [2022-04-12T17:40:50.356Z] <<< [apiv2][status] GET https://api.github.com/user 200
[debug] [2022-04-12T17:40:50.356Z] <<< [apiv2][body] GET https://api.github.com/user {"login":"tajetaje","id":29828269,"node_id":"MDQ6VXNlcjI5ODI4MjY5","avatar_url":"https://avatars.githubusercontent.com/u/29828269?v=4","gravatar_id":"","url":"https://api.github.com/users/tajetaje","html_url":"https://github.com/tajetaje","followers_url":"https://api.github.com/users/tajetaje/followers","following_url":"https://api.github.com/users/tajetaje/following{/other_user}","gists_url":"https://api.github.com/users/tajetaje/gists{/gist_id}","starred_url":"https://api.github.com/users/tajetaje/starred{/owner}{/repo}","subscriptions_url":"https://api.github.com/users/tajetaje/subscriptions","organizations_url":"https://api.github.com/users/tajetaje/orgs","repos_url":"https://api.github.com/users/tajetaje/repos","events_url":"https://api.github.com/users/tajetaje/events{/privacy}","received_events_url":"https://api.github.com/users/tajetaje/received_events","type":"User","site_admin":false,"name":"Tag Howard","company":"University of Kentucky","blog":"http://cs.uky.edu/~jtho264/index.html","location":"Lexington, KY","email":"tag.howard1080@gmail.com","hireable":null,"bio":"A bachelor student at the University of Kentucky, majoring in Computer Science","twitter_username":null,"public_repos":6,"public_gists":0,"followers":3,"following":0,"created_at":"2017-07-02T03:05:24Z","updated_at":"2022-04-06T16:08:43Z","private_gists":1,"total_private_repos":5,"owned_private_repos":5,"disk_usage":2736,"collaborators":0,"two_factor_authentication":false,"plan":{"name":"pro","space":976562499,"collaborators":0,"private_repos":9999}}
[info] 
[info] +  Success! Logged into GitHub as tajetaje 
[info] 
[debug] [2022-04-12T17:43:03.756Z] >>> [apiv2][query] GET https://api.github.com/repos/UKDanceBlue/danceblue-react-app-admin-site/actions/secrets/public-key type=owner
[debug] [2022-04-12T17:43:03.895Z] <<< [apiv2][status] GET https://api.github.com/repos/UKDanceBlue/danceblue-react-app-admin-site/actions/secrets/public-key 404
[debug] [2022-04-12T17:43:03.895Z] <<< [apiv2][body] GET https://api.github.com/repos/UKDanceBlue/danceblue-react-app-admin-site/actions/secrets/public-key {"message":"Not Found","documentation_url":"https://docs.github.com/rest/reference/actions#get-a-repository-public-key"}
[debug] [2022-04-12T17:43:05.567Z] >>> [apiv2][query] GET https://api.github.com/repos/UKDanceBlue/danceblue-react-app-admin-site/actions/secrets/public-key type=owner
[debug] [2022-04-12T17:43:05.693Z] <<< [apiv2][status] GET https://api.github.com/repos/UKDanceBlue/danceblue-react-app-admin-site/actions/secrets/public-key 404
[debug] [2022-04-12T17:43:05.693Z] <<< [apiv2][body] GET https://api.github.com/repos/UKDanceBlue/danceblue-react-app-admin-site/actions/secrets/public-key {"message":"Not Found","documentation_url":"https://docs.github.com/rest/reference/actions#get-a-repository-public-key"}
[debug] [2022-04-12T17:43:07.796Z] >>> [apiv2][query] GET https://api.github.com/repos/UKDanceBlue/danceblue-react-app-admin-site/actions/secrets/public-key type=owner
[debug] [2022-04-12T17:43:07.928Z] <<< [apiv2][status] GET https://api.github.com/repos/UKDanceBlue/danceblue-react-app-admin-site/actions/secrets/public-key 404
[debug] [2022-04-12T17:43:07.929Z] <<< [apiv2][body] GET https://api.github.com/repos/UKDanceBlue/danceblue-react-app-admin-site/actions/secrets/public-key {"message":"Not Found","documentation_url":"https://docs.github.com/rest/reference/actions#get-a-repository-public-key"}
[debug] [2022-04-12T17:43:10.538Z] >>> [apiv2][query] GET https://api.github.com/repos/UKDanceBlue/danceblue-react-app-admin-site/actions/secrets/public-key type=owner
[debug] [2022-04-12T17:43:10.675Z] <<< [apiv2][status] GET https://api.github.com/repos/UKDanceBlue/danceblue-react-app-admin-site/actions/secrets/public-key 404
[debug] [2022-04-12T17:43:10.675Z] <<< [apiv2][body] GET https://api.github.com/repos/UKDanceBlue/danceblue-react-app-admin-site/actions/secrets/public-key {"message":"Not Found","documentation_url":"https://docs.github.com/rest/reference/actions#get-a-repository-public-key"}
[debug] [2022-04-12T17:43:10.950Z] >>> [apiv2][query] GET https://api.github.com/repos/UKDanceBlue/danceblue-react-app-admin-site/actions/secrets/public-key type=owner
[debug] [2022-04-12T17:43:11.081Z] <<< [apiv2][status] GET https://api.github.com/repos/UKDanceBlue/danceblue-react-app-admin-site/actions/secrets/public-key 404
[debug] [2022-04-12T17:43:11.082Z] <<< [apiv2][body] GET https://api.github.com/repos/UKDanceBlue/danceblue-react-app-admin-site/actions/secrets/public-key {"message":"Not Found","documentation_url":"https://docs.github.com/rest/reference/actions#get-a-repository-public-key"}
[debug] [2022-04-12T17:43:11.204Z] >>> [apiv2][query] GET https://api.github.com/repos/UKDanceBlue/danceblue-react-app-admin-site/actions/secrets/public-key type=owner
[debug] [2022-04-12T17:43:11.336Z] <<< [apiv2][status] GET https://api.github.com/repos/UKDanceBlue/danceblue-react-app-admin-site/actions/secrets/public-key 404
[debug] [2022-04-12T17:43:11.336Z] <<< [apiv2][body] GET https://api.github.com/repos/UKDanceBlue/danceblue-react-app-admin-site/actions/secrets/public-key {"message":"Not Found","documentation_url":"https://docs.github.com/rest/reference/actions#get-a-repository-public-key"}
[debug] [2022-04-12T17:43:11.432Z] >>> [apiv2][query] GET https://api.github.com/repos/UKDanceBlue/danceblue-react-app-admin-site/actions/secrets/public-key type=owner
[debug] [2022-04-12T17:43:11.575Z] <<< [apiv2][status] GET https://api.github.com/repos/UKDanceBlue/danceblue-react-app-admin-site/actions/secrets/public-key 404
[debug] [2022-04-12T17:43:11.575Z] <<< [apiv2][body] GET https://api.github.com/repos/UKDanceBlue/danceblue-react-app-admin-site/actions/secrets/public-key {"message":"Not Found","documentation_url":"https://docs.github.com/rest/reference/actions#get-a-repository-public-key"}
[debug] [2022-04-12T17:43:11.648Z] >>> [apiv2][query] GET https://api.github.com/repos/UKDanceBlue/danceblue-react-app-admin-site/actions/secrets/public-key type=owner
[debug] [2022-04-12T17:43:11.774Z] <<< [apiv2][status] GET https://api.github.com/repos/UKDanceBlue/danceblue-react-app-admin-site/actions/secrets/public-key 404
[debug] [2022-04-12T17:43:11.774Z] <<< [apiv2][body] GET https://api.github.com/repos/UKDanceBlue/danceblue-react-app-admin-site/actions/secrets/public-key {"message":"Not Found","documentation_url":"https://docs.github.com/rest/reference/actions#get-a-repository-public-key"}
[debug] [2022-04-12T17:43:11.851Z] >>> [apiv2][query] GET https://api.github.com/repos/UKDanceBlue/danceblue-react-app-admin-site/actions/secrets/public-key type=owner
[debug] [2022-04-12T17:43:11.988Z] <<< [apiv2][status] GET https://api.github.com/repos/UKDanceBlue/danceblue-react-app-admin-site/actions/secrets/public-key 404
[debug] [2022-04-12T17:43:11.988Z] <<< [apiv2][body] GET https://api.github.com/repos/UKDanceBlue/danceblue-react-app-admin-site/actions/secrets/public-key {"message":"Not Found","documentation_url":"https://docs.github.com/rest/reference/actions#get-a-repository-public-key"}
[debug] [2022-04-12T17:43:12.062Z] >>> [apiv2][query] GET https://api.github.com/repos/UKDanceBlue/danceblue-react-app-admin-site/actions/secrets/public-key type=owner
[debug] [2022-04-12T17:43:12.189Z] <<< [apiv2][status] GET https://api.github.com/repos/UKDanceBlue/danceblue-react-app-admin-site/actions/secrets/public-key 404
[debug] [2022-04-12T17:43:12.189Z] <<< [apiv2][body] GET https://api.github.com/repos/UKDanceBlue/danceblue-react-app-admin-site/actions/secrets/public-key {"message":"Not Found","documentation_url":"https://docs.github.com/rest/reference/actions#get-a-repository-public-key"}
[debug] [2022-04-12T17:43:12.303Z] >>> [apiv2][query] GET https://api.github.com/repos/UKDanceBlue/danceblue-react-app-admin-site/actions/secrets/public-key type=owner
[debug] [2022-04-12T17:43:12.431Z] <<< [apiv2][status] GET https://api.github.com/repos/UKDanceBlue/danceblue-react-app-admin-site/actions/secrets/public-key 404
[debug] [2022-04-12T17:43:12.431Z] <<< [apiv2][body] GET https://api.github.com/repos/UKDanceBlue/danceblue-react-app-admin-site/actions/secrets/public-key {"message":"Not Found","documentation_url":"https://docs.github.com/rest/reference/actions#get-a-repository-public-key"}
[debug] [2022-04-12T17:43:12.540Z] >>> [apiv2][query] GET https://api.github.com/repos/UKDanceBlue/danceblue-react-app-admin-site/actions/secrets/public-key type=owner
[debug] [2022-04-12T17:43:12.681Z] <<< [apiv2][status] GET https://api.github.com/repos/UKDanceBlue/danceblue-react-app-admin-site/actions/secrets/public-key 404
[debug] [2022-04-12T17:43:12.681Z] <<< [apiv2][body] GET https://api.github.com/repos/UKDanceBlue/danceblue-react-app-admin-site/actions/secrets/public-key {"message":"Not Found","documentation_url":"https://docs.github.com/rest/reference/actions#get-a-repository-public-key"}
[debug] [2022-04-12T17:43:12.773Z] >>> [apiv2][query] GET https://api.github.com/repos/UKDanceBlue/danceblue-react-app-admin-site/actions/secrets/public-key type=owner
[debug] [2022-04-12T17:43:12.905Z] <<< [apiv2][status] GET https://api.github.com/repos/UKDanceBlue/danceblue-react-app-admin-site/actions/secrets/public-key 404
[debug] [2022-04-12T17:43:12.905Z] <<< [apiv2][body] GET https://api.github.com/repos/UKDanceBlue/danceblue-react-app-admin-site/actions/secrets/public-key {"message":"Not Found","documentation_url":"https://docs.github.com/rest/reference/actions#get-a-repository-public-key"}
[debug] [2022-04-12T17:43:13.566Z] >>> [apiv2][query] GET https://api.github.com/repos/UKDanceBlue/danceblue-react-app-admin-site/actions/secrets/public-key type=owner
[debug] [2022-04-12T17:43:13.699Z] <<< [apiv2][status] GET https://api.github.com/repos/UKDanceBlue/danceblue-react-app-admin-site/actions/secrets/public-key 404
[debug] [2022-04-12T17:43:13.699Z] <<< [apiv2][body] GET https://api.github.com/repos/UKDanceBlue/danceblue-react-app-admin-site/actions/secrets/public-key {"message":"Not Found","documentation_url":"https://docs.github.com/rest/reference/actions#get-a-repository-public-key"}
